<?xml version="1.0" encoding="UTF-8"?>
<testng-results ignored="0" total="3" passed="3" failed="0" skipped="0">
  <reporter-output>
  </reporter-output>
  <suite started-at="2020-05-19T10:18:02 GMT+04:00" name="TestFunctionMath" finished-at="2020-05-19T10:18:02 GMT+04:00" duration-ms="87">
    <groups>
    </groups>
    <test started-at="2020-05-19T10:18:02 GMT+04:00" name="TestMath" finished-at="2020-05-19T10:18:02 GMT+04:00" duration-ms="87">
      <class name="testNG.E3">
        <test-method signature="test1()[pri:0, instance:testNG.E3@7a52f2a2]" started-at="2020-05-19T10:18:02 GMT+04:00" name="test1" finished-at="2020-05-19T10:18:02 GMT+04:00" duration-ms="11" status="PASS">
          <reporter-output>
          </reporter-output>
        </test-method> <!-- test1 -->
        <test-method signature="test2()[pri:0, instance:testNG.E3@7a52f2a2]" started-at="2020-05-19T10:18:02 GMT+04:00" name="test2" finished-at="2020-05-19T10:18:02 GMT+04:00" duration-ms="11" status="PASS">
          <reporter-output>
          </reporter-output>
        </test-method> <!-- test2 -->
        <test-method signature="test3()[pri:0, instance:testNG.E3@7a52f2a2]" started-at="2020-05-19T10:18:02 GMT+04:00" name="test3" finished-at="2020-05-19T10:18:02 GMT+04:00" duration-ms="2" status="PASS">
          <reporter-output>
          </reporter-output>
        </test-method> <!-- test3 -->
      </class> <!-- testNG.E3 -->
    </test> <!-- TestMath -->
  </suite> <!-- TestFunctionMath -->
</testng-results>
